app/build/intermediates/manifest_merge_blame_file/debug/manifest-merger-blame-debug-report.txt
1<?xml version="1.0" encoding="utf-8"?>
2<manifest xmlns:android="http://schemas.android.com/apk/res/android"
3    package="com.fone.fone"
4    android:versionCode="1"
5    android:versionName="1.0" >
6
7    <uses-sdk
8        android:minSdkVersion="19"
8-->src/main/AndroidManifest.xml
9        android:targetSdkVersion="29" />
9-->src/main/AndroidManifest.xml
10
11    <!-- 网络权限问题 -->
12    <uses-permission android:name="android.permission.INTERNET" />
12-->src/main/AndroidManifest.xml:7:5-67
12-->src/main/AndroidManifest.xml:7:22-64
13    <!-- 用于访问wifi网络信息，wifi信息会用于进行网络定位 -->
14    <uses-permission android:name="android.permission.ACCESS_WIFI_STATE" />
14-->src/main/AndroidManifest.xml:9:5-76
14-->src/main/AndroidManifest.xml:9:22-73
15    <uses-permission android:name="android.permission.CHANGE_WIFI_STATE" />
15-->src/main/AndroidManifest.xml:10:5-76
15-->src/main/AndroidManifest.xml:10:22-73
16    <!-- 用于获取运营商信息，用于支持提供运营商信息相关的接口 -->
17    <uses-permission android:name="android.permission.CHANGE_NETWORK_STATE" />
17-->src/main/AndroidManifest.xml:12:5-79
17-->src/main/AndroidManifest.xml:12:22-76
18    <uses-permission android:name="android.permission.ACCESS_NETWORK_STATE" />
18-->src/main/AndroidManifest.xml:13:5-79
18-->src/main/AndroidManifest.xml:13:22-76
19    <!-- 8.0安装需要的权限 -->
20    <uses-permission android:name="android.permission.REQUEST_INSTALL_PACKAGES" />
20-->src/main/AndroidManifest.xml:15:5-83
20-->src/main/AndroidManifest.xml:15:22-80
21    <!-- 读写权限 -->
22    <uses-permission android:name="android.permission.WRITE_EXTERNAL_STORAGE" />
22-->src/main/AndroidManifest.xml:17:5-81
22-->src/main/AndroidManifest.xml:17:22-78
23    <uses-permission android:name="android.permission.READ_EXTERNAL_STORAGE" />
23-->src/main/AndroidManifest.xml:18:5-80
23-->src/main/AndroidManifest.xml:18:22-77
24    <!-- 读取手机信息 -->
25    <uses-permission android:name="android.permission.READ_PHONE_STATE" />
25-->src/main/AndroidManifest.xml:20:5-75
25-->src/main/AndroidManifest.xml:20:22-72
26    <!-- 打电话 -->
27    <uses-permission android:name="android.permission.CALL_PHONE" />
27-->src/main/AndroidManifest.xml:22:5-69
27-->src/main/AndroidManifest.xml:22:22-66
28    <!-- 相机 -->
29    <uses-permission android:name="android.permission.CAMERA" />
29-->src/main/AndroidManifest.xml:24:5-65
29-->src/main/AndroidManifest.xml:24:22-62
30    <!-- 读取日志 -->
31    <uses-permission android:name="android.permission.READ_LOGS" />
31-->src/main/AndroidManifest.xml:26:5-28:47
31-->src/main/AndroidManifest.xml:27:9-52
32    <!-- 9.0权限 -->
33    <uses-permission android:name="android.permission.FOREGROUND_SERVICE" />
33-->src/main/AndroidManifest.xml:30:5-77
33-->src/main/AndroidManifest.xml:30:22-74
34    <!-- Android Q后台定位权限 -->
35    <uses-permission android:name="android.permission.ACCESS_BACKGROUND_LOCATION" />
35-->src/main/AndroidManifest.xml:32:5-85
35-->src/main/AndroidManifest.xml:32:22-82
36    <uses-permission android:name="android.permission.CHANGE_CONFIGURATION" />
36-->src/main/AndroidManifest.xml:33:5-35:47
36-->src/main/AndroidManifest.xml:34:9-63
37
38    <!-- 录音权限 -->
39    <!-- <uses-permission android:name="android.permission.RECORD_AUDIO" /> -->
40
41
42    <!-- 振动 -->
43    <uses-permission android:name="android.permission.VIBRATE" />
43-->src/main/AndroidManifest.xml:42:5-66
43-->src/main/AndroidManifest.xml:42:22-63
44
45    <!-- 人脸 -->
46    <uses-feature
46-->src/main/AndroidManifest.xml:300:5-302:36
47        android:name="android.hardware.camera"
47-->src/main/AndroidManifest.xml:301:9-47
48        android:required="false" />
48-->src/main/AndroidManifest.xml:302:9-33
49    <uses-feature
49-->src/main/AndroidManifest.xml:303:5-305:36
50        android:name="android.hardware.camera.front"
50-->src/main/AndroidManifest.xml:304:9-53
51        android:required="false" />
51-->src/main/AndroidManifest.xml:305:9-33
52    <uses-feature
52-->src/main/AndroidManifest.xml:306:5-308:36
53        android:name="android.hardware.camera.autofocus"
53-->src/main/AndroidManifest.xml:307:9-57
54        android:required="false" />
54-->src/main/AndroidManifest.xml:308:9-33
55    <uses-feature
55-->src/main/AndroidManifest.xml:309:5-311:36
56        android:name="android.hardware.camera.flash"
56-->src/main/AndroidManifest.xml:310:9-53
57        android:required="false" />
57-->src/main/AndroidManifest.xml:311:9-33
58
59    <uses-permission android:name="android.permission.RECEIVE_BOOT_COMPLETED" />
59-->[com.xdandroid:hellodaemon:1.2.2] AndroidManifest.xml:11:5-81
59-->[com.xdandroid:hellodaemon:1.2.2] AndroidManifest.xml:11:22-78
60    <uses-permission android:name="android.permission.REQUEST_IGNORE_BATTERY_OPTIMIZATIONS" /> <!-- 注意这里.permission.PASSBY_MSG是自身app的包名 + .permission.PROCESS_PUSH_MSG -->
60-->[com.xdandroid:hellodaemon:1.2.2] AndroidManifest.xml:13:5-95
60-->[com.xdandroid:hellodaemon:1.2.2] AndroidManifest.xml:13:22-92
61    <permission
61-->[com.huawei.hms:push:4.0.2.300] AndroidManifest.xml:10:5-12:55
62        android:name="com.fone.fone.permission.PROCESS_PUSH_MSG"
62-->[com.huawei.hms:push:4.0.2.300] AndroidManifest.xml:11:9-68
63        android:protectionLevel="signatureOrSystem" />
63-->[com.huawei.hms:push:4.0.2.300] AndroidManifest.xml:12:9-52
64    <permission
64-->[com.huawei.hms:push:4.0.2.300] AndroidManifest.xml:13:5-15:55
65        android:name="com.fone.fone.permission.PUSH_PROVIDER"
65-->[com.huawei.hms:push:4.0.2.300] AndroidManifest.xml:14:9-65
66        android:protectionLevel="signatureOrSystem" />
66-->[com.huawei.hms:push:4.0.2.300] AndroidManifest.xml:15:9-52
67    <permission
67-->[com.huawei.hms:push:4.0.2.300] AndroidManifest.xml:16:5-18:55
68        android:name="com.fone.fone.permission.PUSH_WRITE_PROVIDER"
68-->[com.huawei.hms:push:4.0.2.300] AndroidManifest.xml:17:9-71
69        android:protectionLevel="signatureOrSystem" /> <!-- 注意这里.permission.PASSBY_MSG是自身app的包名 + .permission.PROCESS_PUSH_MSG -->
69-->[com.huawei.hms:push:4.0.2.300] AndroidManifest.xml:18:9-52
70    <uses-permission android:name="com.fone.fone.permission.PROCESS_PUSH_MSG" />
70-->[com.huawei.hms:push:4.0.2.300] AndroidManifest.xml:20:5-84
70-->[com.huawei.hms:push:4.0.2.300] AndroidManifest.xml:20:22-81
71    <uses-permission android:name="com.fone.fone.permission.PUSH_PROVIDER" />
71-->[com.huawei.hms:push:4.0.2.300] AndroidManifest.xml:21:5-81
71-->[com.huawei.hms:push:4.0.2.300] AndroidManifest.xml:21:22-78
72    <uses-permission android:name="android.permission.WAKE_LOCK" /> <!-- Required by older versions of Google Play services to create IID tokens -->
72-->[com.google.firebase:firebase-iid:21.0.1] AndroidManifest.xml:24:5-68
72-->[com.google.firebase:firebase-iid:21.0.1] AndroidManifest.xml:24:22-65
73    <uses-permission android:name="com.google.android.c2dm.permission.RECEIVE" /> <!-- 应用市场9.0版本必须使用该权限获取用户的服务地 -->
73-->[com.google.firebase:firebase-iid:21.0.1] AndroidManifest.xml:26:5-82
73-->[com.google.firebase:firebase-iid:21.0.1] AndroidManifest.xml:26:22-79
74    <uses-permission android:name="com.huawei.appmarket.service.commondata.permission.GET_COMMON_DATA" />
74-->[com.huawei.hms:base:4.0.2.300] AndroidManifest.xml:18:5-106
74-->[com.huawei.hms:base:4.0.2.300] AndroidManifest.xml:18:22-103
75    <!--
76Android 10 停用过滤视图，使用旧版存储模式
77    android:requestLegacyExternalStorage="true"
78    -->
79    <application
79-->src/main/AndroidManifest.xml:48:5-297:19
80        android:name="com.fone.fone.MyApplication"
80-->src/main/AndroidManifest.xml:49:9-51
81        android:allowBackup="true"
81-->src/main/AndroidManifest.xml:50:9-35
82        android:appComponentFactory="androidx.core.app.CoreComponentFactory"
82-->[androidx.core:core:1.1.0] AndroidManifest.xml:24:18-86
83        android:configChanges="locale"
83-->src/main/AndroidManifest.xml:51:9-39
84        android:debuggable="true"
85        android:icon="@mipmap/ic_launcher"
85-->src/main/AndroidManifest.xml:52:9-43
86        android:label="@string/app_name"
86-->src/main/AndroidManifest.xml:53:9-41
87        android:largeHeap="true"
87-->src/main/AndroidManifest.xml:54:9-33
88        android:maxAspectRatio="2.4"
88-->src/main/AndroidManifest.xml:55:9-37
89        android:networkSecurityConfig="@xml/network_security_config"
89-->src/main/AndroidManifest.xml:56:9-69
90        android:requestLegacyExternalStorage="true"
90-->src/main/AndroidManifest.xml:57:9-52
91        android:supportsRtl="true"
91-->src/main/AndroidManifest.xml:58:9-35
92        android:theme="@style/AppTheme"
92-->src/main/AndroidManifest.xml:59:9-40
93        android:usesCleartextTraffic="true"
93-->src/main/AndroidManifest.xml:60:9-44
94        android:windowIsTranslucent="false" >
94-->src/main/AndroidManifest.xml:61:9-44
95        <activity
95-->src/main/AndroidManifest.xml:62:9-70:20
96            android:name="com.fone.fone.activity.HelloActivity"
96-->src/main/AndroidManifest.xml:63:13-64
97            android:theme="@android:style/Theme.NoTitleBar.Fullscreen" > <!-- //全屏 -->
97-->src/main/AndroidManifest.xml:64:13-71
98            <intent-filter>
98-->src/main/AndroidManifest.xml:65:13-69:29
99                <action android:name="android.intent.action.MAIN" />
99-->src/main/AndroidManifest.xml:66:17-69
99-->src/main/AndroidManifest.xml:66:25-66
100
101                <category android:name="android.intent.category.LAUNCHER" />
101-->src/main/AndroidManifest.xml:68:17-77
101-->src/main/AndroidManifest.xml:68:27-74
102            </intent-filter>
103        </activity>
104        <activity
104-->src/main/AndroidManifest.xml:72:9-74:35
105            android:name="com.fone.fone.utils.permission.PermissionsActivity"
105-->src/main/AndroidManifest.xml:73:13-78
106            android:label="权限页" />
106-->src/main/AndroidManifest.xml:74:13-32
107        <activity
107-->src/main/AndroidManifest.xml:75:9-78:74
108            android:name="com.fone.fone.activity.GuideActivity"
108-->src/main/AndroidManifest.xml:76:13-64
109            android:label="引导页"
109-->src/main/AndroidManifest.xml:77:13-32
110            android:theme="@android:style/Theme.NoTitleBar.Fullscreen" />
110-->src/main/AndroidManifest.xml:78:13-71
111        <activity
111-->src/main/AndroidManifest.xml:79:9-81:36
112            android:name="com.fone.fone.activity.SelectCountryActivity"
112-->src/main/AndroidManifest.xml:80:13-72
113            android:label="选择国家" />
113-->src/main/AndroidManifest.xml:81:13-33
114        <activity
114-->src/main/AndroidManifest.xml:82:9-90:20
115            android:name="com.fone.fone.activity.MainActivity"
115-->src/main/AndroidManifest.xml:83:13-63
116            android:label="主页" >
116-->src/main/AndroidManifest.xml:84:13-31
117
118            <!-- 点击通知默认打开 -->
119            <intent-filter>
119-->src/main/AndroidManifest.xml:86:13-89:29
120                <action android:name="com.fone.fone.default.MAIN" />
120-->src/main/AndroidManifest.xml:87:25-69
121
122                <category android:name="android.intent.category.DEFAULT" />
122-->src/main/AndroidManifest.xml:88:17-76
122-->src/main/AndroidManifest.xml:88:27-73
123            </intent-filter>
124        </activity>
125        <activity
125-->src/main/AndroidManifest.xml:91:9-93:34
126            android:name="com.fone.fone.activity.LoginActivity"
126-->src/main/AndroidManifest.xml:92:13-64
127            android:label="登录" />
127-->src/main/AndroidManifest.xml:93:13-31
128        <activity
128-->src/main/AndroidManifest.xml:94:9-96:36
129            android:name="com.fone.fone.activity.ForgetPasswordActivity"
129-->src/main/AndroidManifest.xml:95:13-73
130            android:label="忘记密码" />
130-->src/main/AndroidManifest.xml:96:13-33
131        <activity
131-->src/main/AndroidManifest.xml:97:9-99:34
132            android:name="com.fone.fone.activity.RegisteredActivity"
132-->src/main/AndroidManifest.xml:98:13-69
133            android:label="注册" />
133-->src/main/AndroidManifest.xml:99:13-31
134        <activity
134-->src/main/AndroidManifest.xml:100:9-108:20
135            android:name="com.fone.fone.activity.WebContentActivity"
135-->src/main/AndroidManifest.xml:101:13-69
136            android:label="网页" >
136-->src/main/AndroidManifest.xml:102:13-31
137
138            <!-- 点击通知默认打开 -->
139            <!--
140            <intent-filter>
141                <action android:name="${applicationId}.default.MAIN" />
142                <category android:name="android.intent.category.DEFAULT" />
143            </intent-filter>
144            -->
145        </activity>
146        <activity
146-->src/main/AndroidManifest.xml:110:9-112:36
147            android:name="com.fone.fone.activity.JoinListActivity"
147-->src/main/AndroidManifest.xml:111:13-67
148            android:label="往期列表" />
148-->src/main/AndroidManifest.xml:112:13-33
149        <activity
149-->src/main/AndroidManifest.xml:113:9-115:35
150            android:name="com.fone.fone.activity.LeaderboardActivity"
150-->src/main/AndroidManifest.xml:114:13-70
151            android:label="排行榜" />
151-->src/main/AndroidManifest.xml:115:13-32
152        <!-- 我的 -->
153        <activity
153-->src/main/AndroidManifest.xml:117:9-119:36
154            android:name="com.fone.fone.activity.AboutActivity"
154-->src/main/AndroidManifest.xml:118:13-64
155            android:label="关于我们" />
155-->src/main/AndroidManifest.xml:119:13-33
156        <activity
156-->src/main/AndroidManifest.xml:120:9-122:34
157            android:name="com.fone.fone.activity.SetUpActivity"
157-->src/main/AndroidManifest.xml:121:13-64
158            android:label="设置" />
158-->src/main/AndroidManifest.xml:122:13-31
159        <activity
159-->src/main/AndroidManifest.xml:123:9-125:36
160            android:name="com.fone.fone.activity.HelpCenterActivity"
160-->src/main/AndroidManifest.xml:124:13-69
161            android:label="帮助中心" />
161-->src/main/AndroidManifest.xml:125:13-33
162        <activity
162-->src/main/AndroidManifest.xml:126:9-128:36
163            android:name="com.fone.fone.activity.MyProfileActivity"
163-->src/main/AndroidManifest.xml:127:13-68
164            android:label="资料管理" />
164-->src/main/AndroidManifest.xml:128:13-33
165        <activity
165-->src/main/AndroidManifest.xml:129:9-131:38
166            android:name="com.fone.fone.activity.SetTransactionPasswordActivity"
166-->src/main/AndroidManifest.xml:130:13-81
167            android:label="修改交易密码" />
167-->src/main/AndroidManifest.xml:131:13-35
168        <activity
168-->src/main/AndroidManifest.xml:132:9-134:38
169            android:name="com.fone.fone.activity.ChangePasswordActivity"
169-->src/main/AndroidManifest.xml:133:13-73
170            android:label="修改登录密码" />
170-->src/main/AndroidManifest.xml:134:13-35
171        <activity
171-->src/main/AndroidManifest.xml:136:9-138:36
172            android:name="com.fone.fone.activity.MyMachineActivity"
172-->src/main/AndroidManifest.xml:137:13-68
173            android:label="我的矿机" />
173-->src/main/AndroidManifest.xml:138:13-33
174        <activity
174-->src/main/AndroidManifest.xml:139:9-141:36
175            android:name="com.fone.fone.activity.MachineDetailActivity"
175-->src/main/AndroidManifest.xml:140:13-72
176            android:label="矿机详情" />
176-->src/main/AndroidManifest.xml:141:13-33
177        <activity
177-->src/main/AndroidManifest.xml:142:9-144:36
178            android:name="com.fone.fone.activity.PayDetailActivity"
178-->src/main/AndroidManifest.xml:143:13-68
179            android:label="支付详情" />
179-->src/main/AndroidManifest.xml:144:13-33
180        <activity
180-->src/main/AndroidManifest.xml:145:9-147:36
181            android:name="com.fone.fone.activity.MyCalculateActivity"
181-->src/main/AndroidManifest.xml:146:13-70
182            android:label="算力列表" />
182-->src/main/AndroidManifest.xml:147:13-33
183        <activity
183-->src/main/AndroidManifest.xml:149:9-151:38
184            android:name="com.fone.fone.activity.JoinDetailActivity"
184-->src/main/AndroidManifest.xml:150:13-69
185            android:label="加入拼团详情" />
185-->src/main/AndroidManifest.xml:151:13-35
186        <activity
186-->src/main/AndroidManifest.xml:153:9-155:34
187            android:name="com.fone.fone.activity.ContractActivity"
187-->src/main/AndroidManifest.xml:154:13-67
188            android:label="合同" />
188-->src/main/AndroidManifest.xml:155:13-31
189        <activity
189-->src/main/AndroidManifest.xml:156:9-158:36
190            android:name="com.fone.fone.activity.ContractListActivity"
190-->src/main/AndroidManifest.xml:157:13-71
191            android:label="开票列表" />
191-->src/main/AndroidManifest.xml:158:13-33
192        <activity
192-->src/main/AndroidManifest.xml:160:9-162:37
193            android:name="com.fone.fone.activity.SetAddressActivity"
193-->src/main/AndroidManifest.xml:161:13-69
194            android:label="设置币地址" />
194-->src/main/AndroidManifest.xml:162:13-34
195        <activity
195-->src/main/AndroidManifest.xml:163:9-165:37
196            android:name="com.fone.fone.activity.AddressManagementActivity"
196-->src/main/AndroidManifest.xml:164:13-76
197            android:label="币地址管理" />
197-->src/main/AndroidManifest.xml:165:13-34
198        <activity
198-->src/main/AndroidManifest.xml:168:9-170:34
199            android:name="com.fone.fone.activity.ShareActivity"
199-->src/main/AndroidManifest.xml:169:13-64
200            android:label="推广" />
200-->src/main/AndroidManifest.xml:170:13-31
201        <activity
201-->src/main/AndroidManifest.xml:171:9-173:36
202            android:name="com.fone.fone.activity.SharePeopleActivity"
202-->src/main/AndroidManifest.xml:172:13-70
203            android:label="推广用户" />
203-->src/main/AndroidManifest.xml:173:13-33
204        <activity
204-->src/main/AndroidManifest.xml:175:9-177:37
205            android:name="com.fone.fone.activity.FILWalletActivity"
205-->src/main/AndroidManifest.xml:176:13-68
206            android:label="FIL钱包" />
206-->src/main/AndroidManifest.xml:177:13-34
207        <activity
207-->src/main/AndroidManifest.xml:178:9-180:38
208            android:name="com.fone.fone.activity.USDTWalletActivity"
208-->src/main/AndroidManifest.xml:179:13-69
209            android:label="USDT钱包" />
209-->src/main/AndroidManifest.xml:180:13-35
210        <activity
210-->src/main/AndroidManifest.xml:181:9-183:36
211            android:name="com.fone.fone.activity.ShouRuListActivity"
211-->src/main/AndroidManifest.xml:182:13-69
212            android:label="收入记录" />
212-->src/main/AndroidManifest.xml:183:13-33
213        <activity
213-->src/main/AndroidManifest.xml:184:9-186:36
214            android:name="com.fone.fone.activity.ZhiChuListActivity"
214-->src/main/AndroidManifest.xml:185:13-69
215            android:label="支出记录" />
215-->src/main/AndroidManifest.xml:186:13-33
216        <activity
216-->src/main/AndroidManifest.xml:187:9-189:40
217            android:name="com.fone.fone.activity.FILShouRuListActivity"
217-->src/main/AndroidManifest.xml:188:13-72
218            android:label="收入记录_FIL" />
218-->src/main/AndroidManifest.xml:189:13-37
219        <activity
219-->src/main/AndroidManifest.xml:190:9-192:40
220            android:name="com.fone.fone.activity.FILZhiChuListActivity"
220-->src/main/AndroidManifest.xml:191:13-72
221            android:label="支出记录_FIL" />
221-->src/main/AndroidManifest.xml:192:13-37
222        <activity
222-->src/main/AndroidManifest.xml:194:9-196:36
223            android:name="com.fone.fone.activity.MyRechargeActivity"
223-->src/main/AndroidManifest.xml:195:13-69
224            android:label="我的充值" />
224-->src/main/AndroidManifest.xml:196:13-33
225        <activity
225-->src/main/AndroidManifest.xml:197:9-199:36
226            android:name="com.fone.fone.activity.RechargeDetailActivity"
226-->src/main/AndroidManifest.xml:198:13-73
227            android:label="充值详情" />
227-->src/main/AndroidManifest.xml:199:13-33
228        <activity
228-->src/main/AndroidManifest.xml:200:9-202:34
229            android:name="com.fone.fone.activity.TakeCashActivity"
229-->src/main/AndroidManifest.xml:201:13-67
230            android:label="提现" />
230-->src/main/AndroidManifest.xml:202:13-31
231        <activity
231-->src/main/AndroidManifest.xml:203:9-205:36
232            android:name="com.fone.fone.activity.MyTakeCashActivity"
232-->src/main/AndroidManifest.xml:204:13-69
233            android:label="我的提现" />
233-->src/main/AndroidManifest.xml:205:13-33
234        <activity
234-->src/main/AndroidManifest.xml:206:9-208:36
235            android:name="com.fone.fone.activity.TakeCashDetailActivity"
235-->src/main/AndroidManifest.xml:207:13-73
236            android:label="提现详情" />
236-->src/main/AndroidManifest.xml:208:13-33
237        <activity
237-->src/main/AndroidManifest.xml:209:9-211:36
238            android:name="com.fone.fone.activity.SharePosterActivity"
238-->src/main/AndroidManifest.xml:210:13-70
239            android:label="有奖邀请" />
239-->src/main/AndroidManifest.xml:211:13-33
240        <activity
240-->src/main/AndroidManifest.xml:212:9-214:36
241            android:name="com.fone.fone.activity.OnlineServiceActivity"
241-->src/main/AndroidManifest.xml:213:13-72
242            android:label="在线客服" />
242-->src/main/AndroidManifest.xml:214:13-33
243        <activity
243-->src/main/AndroidManifest.xml:215:9-217:36
244            android:name="com.fone.fone.activity.InformationActivity"
244-->src/main/AndroidManifest.xml:216:13-70
245            android:label="公告通知" />
245-->src/main/AndroidManifest.xml:217:13-33
246        <activity
246-->src/main/AndroidManifest.xml:218:9-220:36
247            android:name="com.fone.fone.activity.MyPosterActivity"
247-->src/main/AndroidManifest.xml:219:13-67
248            android:label="我的海报" />
248-->src/main/AndroidManifest.xml:220:13-33
249        <activity
249-->src/main/AndroidManifest.xml:221:9-223:39
250            android:name="com.fone.fone.activity.TransferActivity"
250-->src/main/AndroidManifest.xml:222:13-67
251            android:label="划转-创建合约" />
251-->src/main/AndroidManifest.xml:223:13-36
252        <activity
252-->src/main/AndroidManifest.xml:224:9-226:37
253            android:name="com.fone.fone.activity.QRCodeActivity"
253-->src/main/AndroidManifest.xml:225:13-65
254            android:label="收款二维码" />
254-->src/main/AndroidManifest.xml:226:13-34
255        <activity
255-->src/main/AndroidManifest.xml:227:9-229:35
256            android:name="com.fone.fone.view.zxing.CaptureActivity"
256-->src/main/AndroidManifest.xml:228:13-68
257            android:label="扫一扫" />
257-->src/main/AndroidManifest.xml:229:13-32
258        <activity
258-->src/main/AndroidManifest.xml:230:9-232:36
259            android:name="com.fone.fone.activity.ScavengingPaymentActivity"
259-->src/main/AndroidManifest.xml:231:13-76
260            android:label="扫码转账" />
260-->src/main/AndroidManifest.xml:232:13-33
261
262        <!-- 全面屏适配 -->
263        <meta-data
263-->src/main/AndroidManifest.xml:236:9-238:35
264            android:name="design_width_in_dp"
264-->src/main/AndroidManifest.xml:237:13-46
265            android:value="414" />
265-->src/main/AndroidManifest.xml:238:13-32
266        <meta-data
266-->src/main/AndroidManifest.xml:239:9-241:35
267            android:name="design_height_in_dp"
267-->src/main/AndroidManifest.xml:240:13-47
268            android:value="896" />
268-->src/main/AndroidManifest.xml:241:13-32
269        <!--
270        <meta-data
271            android:name="design_width_in_dp"
272            android:value="562" />
273        <meta-data
274            android:name="design_height_in_dp"
275            android:value="1218" />
276        -->
277
278        <meta-data
278-->src/main/AndroidManifest.xml:249:9-251:35
279            android:name="android.max_aspect"
279-->src/main/AndroidManifest.xml:250:13-46
280            android:value="2.4" />
280-->src/main/AndroidManifest.xml:251:13-32
281        <!-- 适配华为（huawei）刘海屏 -->
282        <meta-data
282-->src/main/AndroidManifest.xml:253:9-255:36
283            android:name="android.notch_support"
283-->src/main/AndroidManifest.xml:254:13-49
284            android:value="true" />
284-->src/main/AndroidManifest.xml:255:13-33
285        <!-- 适配小米（xiaomi）刘海屏 -->
286        <meta-data
286-->src/main/AndroidManifest.xml:257:9-259:50
287            android:name="notch.config"
287-->src/main/AndroidManifest.xml:258:13-40
288            android:value="portrait|landscape" />
288-->src/main/AndroidManifest.xml:259:13-47
289
290        <!-- 查看mob推送日志 -->
291        <meta-data
291-->src/main/AndroidManifest.xml:262:9-264:33
292            android:name="com.mob.mobpush.debugLevel"
292-->src/main/AndroidManifest.xml:263:13-54
293            android:value="4" />
293-->src/main/AndroidManifest.xml:264:13-30
294        <!-- 配置华为 -->
295        <receiver android:name="com.mob.pushsdk.plugins.huawei.PushHaiWeiRevicer" >
295-->src/main/AndroidManifest.xml:266:9-274:20
295-->src/main/AndroidManifest.xml:266:19-82
296            <intent-filter>
296-->src/main/AndroidManifest.xml:267:13-273:29
297                <action android:name="com.huawei.android.push.intent.REGISTRATION" />
297-->src/main/AndroidManifest.xml:268:17-86
297-->src/main/AndroidManifest.xml:268:25-83
298                <action android:name="com.huawei.android.push.intent.RECEIVE" />
298-->src/main/AndroidManifest.xml:269:17-81
298-->src/main/AndroidManifest.xml:269:25-78
299                <action android:name="com.huawei.android.push.intent.CLICK" />
299-->src/main/AndroidManifest.xml:270:17-79
299-->src/main/AndroidManifest.xml:270:25-76
300                <action android:name="com.huawei.intent.action.PUSH_STATE" />
300-->src/main/AndroidManifest.xml:271:17-78
300-->src/main/AndroidManifest.xml:271:25-75
301                <action android:name="com.huawei.intent.action.PUSH_DELAY_NOTIFY" />
301-->src/main/AndroidManifest.xml:272:17-85
301-->src/main/AndroidManifest.xml:272:25-82
302            </intent-filter>
303        </receiver>
304
305        <!-- 7.0限制-私有目录被限制访问 -->
306        <!--
307        exported:要求必须为false，为true则会报安全异常。
308        grantUriPermissions:true，表示授予 URI 临时访问权限。
309        -->
310        <provider
311            android:name="androidx.core.content.FileProvider"
311-->src/main/AndroidManifest.xml:280:13-62
312            android:authorities="com.fone.fone.fileprovider"
312-->src/main/AndroidManifest.xml:281:13-64
313            android:exported="false"
313-->src/main/AndroidManifest.xml:282:13-37
314            android:grantUriPermissions="true" >
314-->src/main/AndroidManifest.xml:283:13-47
315            <meta-data
315-->src/main/AndroidManifest.xml:284:13-286:57
316                android:name="android.support.FILE_PROVIDER_PATHS"
316-->src/main/AndroidManifest.xml:285:17-67
317                android:resource="@xml/file_provider" />
317-->src/main/AndroidManifest.xml:286:17-54
318        </provider>
319
320        <!-- 9.0 -->
321        <uses-library
321-->src/main/AndroidManifest.xml:290:9-292:40
322            android:name="org.apache.http.legacy"
322-->src/main/AndroidManifest.xml:291:13-50
323            android:required="false" />
323-->src/main/AndroidManifest.xml:292:13-37
324
325        <!-- 保活 -->
326        <service android:name="com.fone.fone.utils.TraceServiceImpl" />
326-->src/main/AndroidManifest.xml:295:9-72
326-->src/main/AndroidManifest.xml:295:18-69
327
328        <provider
328-->[com.github.maning0303:MNUpdateAPK:V2.0.3] AndroidManifest.xml:19:9-27:20
329            android:name="com.maning.updatelibrary.MNUpdateApkFileProvider"
329-->[com.github.maning0303:MNUpdateAPK:V2.0.3] AndroidManifest.xml:20:13-76
330            android:authorities="com.fone.fone.updateFileProvider"
330-->[com.github.maning0303:MNUpdateAPK:V2.0.3] AndroidManifest.xml:21:13-70
331            android:exported="false"
331-->[com.github.maning0303:MNUpdateAPK:V2.0.3] AndroidManifest.xml:22:13-37
332            android:grantUriPermissions="true" >
332-->[com.github.maning0303:MNUpdateAPK:V2.0.3] AndroidManifest.xml:23:13-47
333            <meta-data
333-->src/main/AndroidManifest.xml:284:13-286:57
334                android:name="android.support.FILE_PROVIDER_PATHS"
334-->src/main/AndroidManifest.xml:285:17-67
335                android:resource="@xml/mn_update_file_provider" />
335-->src/main/AndroidManifest.xml:286:17-54
336        </provider>
337
338        <activity
338-->[liji.library.dev:citypickerview:4.1.1] AndroidManifest.xml:15:9-19:20
339            android:name="com.lljjcoder.style.citylist.CityListSelectActivity"
339-->[liji.library.dev:citypickerview:4.1.1] AndroidManifest.xml:16:13-79
340            android:screenOrientation="portrait"
340-->[liji.library.dev:citypickerview:4.1.1] AndroidManifest.xml:17:13-49
341            android:windowSoftInputMode="adjustNothing|stateUnchanged" >
341-->[liji.library.dev:citypickerview:4.1.1] AndroidManifest.xml:18:13-71
342        </activity>
343        <activity
343-->[liji.library.dev:citypickerview:4.1.1] AndroidManifest.xml:20:9-24:20
344            android:name="com.lljjcoder.style.citythreelist.ProvinceActivity"
344-->[liji.library.dev:citypickerview:4.1.1] AndroidManifest.xml:21:13-78
345            android:screenOrientation="portrait"
345-->[liji.library.dev:citypickerview:4.1.1] AndroidManifest.xml:22:13-49
346            android:windowSoftInputMode="adjustNothing|stateUnchanged" >
346-->[liji.library.dev:citypickerview:4.1.1] AndroidManifest.xml:23:13-71
347        </activity>
348        <activity
348-->[liji.library.dev:citypickerview:4.1.1] AndroidManifest.xml:25:9-29:20
349            android:name="com.lljjcoder.style.citythreelist.CityActivity"
349-->[liji.library.dev:citypickerview:4.1.1] AndroidManifest.xml:26:13-74
350            android:screenOrientation="portrait"
350-->[liji.library.dev:citypickerview:4.1.1] AndroidManifest.xml:27:13-49
351            android:windowSoftInputMode="adjustNothing|stateUnchanged" >
351-->[liji.library.dev:citypickerview:4.1.1] AndroidManifest.xml:28:13-71
352        </activity>
353        <activity